<?xml version="1.0" encoding="UTF-8"?><testsuite errors="0" failures="1" name="Academy Choucair" skipped="0" tests="1" time="27.64" timestamp="2022-02-01 11:27:50"><testcase name="Search automation course"><failure message="Expected answer&#13;&#10;Expected: is &lt;true&gt;&#13;&#10;     but: was &lt;false&gt;" type="java.lang.AssertionError">Expected answer&#13;
Expected: is &lt;true&gt;&#13;
     but: was &lt;false&gt;</failure><system-err>Expected answer&#13;
Expected: is &lt;true&gt;&#13;
     but: was &lt;false&gt;&#13;
stepdefinitions.ChoucairAcademySteps.heFindsTheCourseCalled(ChoucairAcademySteps.java:30)&#13;
✽.he finds the course called "Patrones de Automatizacion"(file:///C:/Users/dacevedog/IdeaProjects/SerenityScreenplay/src/test/resources/features/academy_choucair.feature:11)&#13;
</system-err></testcase></testsuite>